/home/ubuntu/anaconda3/envs/orax_forecast/lib/python3.6/site-packages/pandas/core/arrays/datetimelike.py:1129: PerformanceWarning: Adding/subtracting array of DateOffsets to DatetimeArray not vectorized
  .format(cls=type(self).__name__), PerformanceWarning)


Preparing Daily dataset
Preparing Naive2 Daily dataset predictions
=============== Training ESRNN  ===============

========= Epoch 0 finished =========
Training time: 25.6169
Training loss (65 prc): 0.05766
Testing loss  (50 prc): 0.01331
OWA: 0.969 
SMAPE: 2.999 
MASE: 1.113 
========= Epoch 1 finished =========
Training time: 24.52996
Training loss (65 prc): 0.07879
========= Epoch 2 finished =========
Training time: 23.04676
Training loss (65 prc): 0.06587
Testing loss  (50 prc): 0.01329
OWA: 0.989 
SMAPE: 3.058 
MASE: 1.138 
========= Epoch 3 finished =========
Training time: 23.23519
Training loss (65 prc): 0.06431
========= Epoch 4 finished =========
Training time: 23.07458
Training loss (65 prc): 0.05268
Testing loss  (50 prc): 0.01268
OWA: 0.978 
SMAPE: 3.026 
MASE: 1.124 
========= Epoch 5 finished =========
Training time: 21.82675
Training loss (65 prc): 0.05452
========= Epoch 6 finished =========
Training time: 23.24077
Training loss (65 prc): 0.05520
Testing loss  (50 prc): 0.01279
OWA: 0.976 
SMAPE: 3.019 
MASE: 1.122 
========= Epoch 7 finished =========
Training time: 23.12654
Training loss (65 prc): 0.05356
========= Epoch 8 finished =========
Training time: 22.66424
Training loss (65 prc): 0.05515
Testing loss  (50 prc): 0.01267
OWA: 0.98 
SMAPE: 3.029 
MASE: 1.128 
========= Epoch 9 finished =========
Training time: 26.32781
Training loss (65 prc): 0.05250
========= Epoch 10 finished =========
Training time: 23.5614
Training loss (65 prc): 0.04351
Testing loss  (50 prc): 0.01257
OWA: 0.982 
SMAPE: 3.036 
MASE: 1.13 
========= Epoch 11 finished =========
Training time: 24.73486
Training loss (65 prc): 0.05009
========= Epoch 12 finished =========
Training time: 21.71397
Training loss (65 prc): 0.04700
Testing loss  (50 prc): 0.01249
OWA: 0.982 
SMAPE: 3.035 
MASE: 1.13 
========= Epoch 13 finished =========
Training time: 23.35643
Training loss (65 prc): 0.04559
========= Epoch 14 finished =========
Training time: 25.7749
Training loss (65 prc): 0.04435
Testing loss  (50 prc): 0.01241
OWA: 0.982 
SMAPE: 3.035 
MASE: 1.131 
========= Epoch 15 finished =========
Training time: 26.69629
Training loss (65 prc): 0.04228
========= Epoch 16 finished =========
Training time: 24.62632
Training loss (65 prc): 0.03762
Testing loss  (50 prc): 0.01244
OWA: 0.98 
SMAPE: 3.03 
MASE: 1.128 
========= Epoch 17 finished =========
Training time: 22.90091
Training loss (65 prc): 0.03713
========= Epoch 18 finished =========
Training time: 24.67201
Training loss (65 prc): 0.04143
Testing loss  (50 prc): 0.01242
OWA: 0.982 
SMAPE: 3.035 
MASE: 1.13 
========= Epoch 19 finished =========
Training time: 24.57294
Training loss (65 prc): 0.04056
Train finished! 

===============  Final evaluation  ==============
===============  Model evaluation  ==============
OWA: 0.982 
SMAPE: 3.035 
MASE: 1.13 
