/home/ubuntu/anaconda3/envs/orax_forecast/lib/python3.6/site-packages/pandas/core/arrays/datetimelike.py:1129: PerformanceWarning: Adding/subtracting array of DateOffsets to DatetimeArray not vectorized
  .format(cls=type(self).__name__), PerformanceWarning)


=============== Training ESRNN  ===============

========= Epoch 0 finished =========
Training time: 25.56253
Training loss (50 prc): 0.71119
Testing loss  (50 prc): 0.12747
OWA: 2.557 
SMAPE: 23.592 
MASE: 9.176 
========= Epoch 1 finished =========
Training time: 23.86895
Training loss (50 prc): 0.60761
========= Epoch 2 finished =========
Training time: 22.68648
Training loss (50 prc): 0.54086
========= Epoch 3 finished =========
Training time: 23.4499
Training loss (50 prc): 0.49848
========= Epoch 4 finished =========
Training time: 22.27252
Training loss (50 prc): 0.47021
========= Epoch 5 finished =========
Training time: 23.52288
Training loss (50 prc): 0.44385
Testing loss  (50 prc): 0.06651
OWA: 0.941 
SMAPE: 15.366 
MASE: 2.505 
========= Epoch 6 finished =========
Training time: 21.92886
Training loss (50 prc): 0.42304
========= Epoch 7 finished =========
Training time: 24.91016
Training loss (50 prc): 0.40324
========= Epoch 8 finished =========
Training time: 25.35153
Training loss (50 prc): 0.38670
========= Epoch 9 finished =========
Training time: 23.91057
Training loss (50 prc): 0.37197
========= Epoch 10 finished =========
Training time: 23.60857
Training loss (50 prc): 0.35859
Testing loss  (50 prc): 0.05948
OWA: 0.696 
SMAPE: 13.472 
MASE: 1.578 
========= Epoch 11 finished =========
Training time: 23.10579
Training loss (50 prc): 0.34550
========= Epoch 12 finished =========
Training time: 21.9479
Training loss (50 prc): 0.33483
========= Epoch 13 finished =========
Training time: 24.37814
Training loss (50 prc): 0.32353
========= Epoch 14 finished =========
Training time: 23.83928
Training loss (50 prc): 0.31199
========= Epoch 15 finished =========
Training time: 23.73844
Training loss (50 prc): 0.30361
Testing loss  (50 prc): 0.05608
OWA: 0.66 
SMAPE: 12.904 
MASE: 1.479 
========= Epoch 16 finished =========
Training time: 24.83882
Training loss (50 prc): 0.29304
========= Epoch 17 finished =========
Training time: 22.8212
Training loss (50 prc): 0.28440
========= Epoch 18 finished =========
Training time: 24.50812
Training loss (50 prc): 0.27611
========= Epoch 19 finished =========
Training time: 23.83013
Training loss (50 prc): 0.26861
Train finished! 

===============  Final evaluation  ==============
===============  Model evaluation  ==============
OWA: 0.633 
SMAPE: 12.539 
MASE: 1.4 
