/home/ubuntu/anaconda3/envs/orax_forecast/lib/python3.6/site-packages/pandas/core/arrays/datetimelike.py:1129: PerformanceWarning: Adding/subtracting array of DateOffsets to DatetimeArray not vectorized
  .format(cls=type(self).__name__), PerformanceWarning)


Preparing Monthly dataset
Preparing Naive2 Monthly dataset predictions
=============== Training ESRNN  ===============

========= Epoch 0 finished =========
Training time: 118.00625
Training loss (45 prc): 1.24064
Testing loss  (50 prc): 0.06284
OWA: 0.93 
SMAPE: 13.19 
MASE: 1.007 
========= Epoch 1 finished =========
Training time: 115.369
Training loss (45 prc): 1.23222
========= Epoch 2 finished =========
Training time: 113.16781
Training loss (45 prc): 1.22486
========= Epoch 3 finished =========
Training time: 113.08542
Training loss (45 prc): 1.21197
========= Epoch 4 finished =========
Training time: 112.78622
Training loss (45 prc): 1.20119
Testing loss  (50 prc): 0.06005
OWA: 0.893 
SMAPE: 12.769 
MASE: 0.957 
========= Epoch 5 finished =========
Training time: 108.6233
Training loss (45 prc): 1.19179
========= Epoch 6 finished =========
Training time: 97.28632
Training loss (45 prc): 1.18192
========= Epoch 7 finished =========
Training time: 117.15968
Training loss (45 prc): 1.17042
========= Epoch 8 finished =========
Training time: 116.041
Training loss (45 prc): 1.16105
Testing loss  (50 prc): 0.05884
OWA: 0.885 
SMAPE: 12.632 
MASE: 0.95 
========= Epoch 9 finished =========
Training time: 115.92117
Training loss (45 prc): 1.15214
========= Epoch 10 finished =========
Training time: 113.84667
Training loss (45 prc): 1.14195
========= Epoch 11 finished =========
Training time: 111.2696
Training loss (45 prc): 1.13139
========= Epoch 12 finished =========
Training time: 111.40913
Training loss (45 prc): 1.12287
Testing loss  (50 prc): 0.05774
OWA: 0.877 
SMAPE: 12.605 
MASE: 0.936 
========= Epoch 13 finished =========
Training time: 115.15924
Training loss (45 prc): 1.11240
========= Epoch 14 finished =========
Training time: 101.86397
Training loss (45 prc): 1.10559
Train finished! 

===============  Final evaluation  ==============
===============  Model evaluation  ==============
OWA: 0.877 
SMAPE: 12.606 
MASE: 0.937 
