/home/ubuntu/anaconda3/envs/orax_forecast/lib/python3.6/site-packages/pandas/core/arrays/datetimelike.py:1129: PerformanceWarning: Adding/subtracting array of DateOffsets to DatetimeArray not vectorized
  .format(cls=type(self).__name__), PerformanceWarning)


Some yearly time series have more than 200 observations
Returning only last 200 obs of this time series (81 time series)

=============== Training ESRNN  ===============

========= Epoch 0 finished =========
Training time: 98.36572
Training loss (50 prc): 1.37591
Testing loss  (50 prc): 0.06246
OWA: 0.812 
SMAPE: 13.693 
MASE: 3.119 
========= Epoch 1 finished =========
Training time: 84.45491
Training loss (50 prc): 1.35011
========= Epoch 2 finished =========
Training time: 90.78692
Training loss (50 prc): 1.36297
========= Epoch 3 finished =========
Training time: 95.68088
Training loss (50 prc): 1.34871
========= Epoch 4 finished =========
Training time: 69.93024
Training loss (50 prc): 1.35941
========= Epoch 5 finished =========
Training time: 82.42147
Training loss (50 prc): 1.36561
Testing loss  (50 prc): 0.06073
OWA: 0.794 
SMAPE: 13.467 
MASE: 3.034 
========= Epoch 6 finished =========
Training time: 88.80077
Training loss (50 prc): 1.35919
========= Epoch 7 finished =========
Training time: 88.91047
Training loss (50 prc): 1.35003
========= Epoch 8 finished =========
Training time: 88.30645
Training loss (50 prc): 1.35104
========= Epoch 9 finished =========
Training time: 93.36942
Training loss (50 prc): 1.35205
========= Epoch 10 finished =========
Training time: 88.09364
Training loss (50 prc): 1.34147
Testing loss  (50 prc): 0.05990
OWA: 0.789 
SMAPE: 13.418 
MASE: 3.004 
========= Epoch 11 finished =========
Training time: 71.98144
Training loss (50 prc): 1.35751
========= Epoch 12 finished =========
Training time: 65.38247
Training loss (50 prc): 1.33668
========= Epoch 13 finished =========
Training time: 65.22331
Training loss (50 prc): 1.33803
========= Epoch 14 finished =========
Training time: 85.43024
Training loss (50 prc): 1.33412
========= Epoch 15 finished =========
Training time: 101.53895
Training loss (50 prc): 1.32560
Testing loss  (50 prc): 0.05986
OWA: 0.786 
SMAPE: 13.391 
MASE: 2.988 
========= Epoch 16 finished =========
Training time: 69.86065
Training loss (50 prc): 1.32191
========= Epoch 17 finished =========
Training time: 82.65446
Training loss (50 prc): 1.32560
========= Epoch 18 finished =========
Training time: 108.84162
Training loss (50 prc): 1.32481
========= Epoch 19 finished =========
Training time: 109.16301
Training loss (50 prc): 1.32244
========= Epoch 20 finished =========
Training time: 105.82065
Training loss (50 prc): 1.31265
Testing loss  (50 prc): 0.05981
OWA: 0.786 
SMAPE: 13.392 
MASE: 2.987 
========= Epoch 21 finished =========
Training time: 88.81368
Training loss (50 prc): 1.32841
========= Epoch 22 finished =========
Training time: 87.74087
Training loss (50 prc): 1.32614
========= Epoch 23 finished =========
Training time: 87.68689
Training loss (50 prc): 1.33106
========= Epoch 24 finished =========
Training time: 87.73458
Training loss (50 prc): 1.30823
Train finished! 

===============  Final evaluation  ==============
===============  Model evaluation  ==============
OWA: 0.786 
SMAPE: 13.395 
MASE: 2.989 
